

/******************************************************************************************
* WriteStepFile diagnostics.
* Date:                           Thu Mar 09 10:14:22 2023 
* Produced by:                    The EXPRESS Data Manager Version 5.02.0100.07 : 28 Aug 2013
* Module:                         EDMstepFileFactory/EDMstandAlone
* Host:                           LTW10304
* Database:                       C:\Users\chca426\AppData\Local\Temp\7c14f838-ae71-447d-bd0e-7e093398846b\f23304c8-2f88-48d0-a149-4f7a6a9e6602\ifc
* Database version:               5507
* Database creation date:         Thu Mar 09 10:13:41 2023
* Model:                          DataRepository.ifc
* Model creation date:            Thu Mar 09 10:13:41 2023
* Header model:                   DataRepository.ifc_HeaderModel
* Header model creation date:     Thu Mar 09 10:13:41 2023
* Step file:                      2021_fhRo_RefBuild_v_02_stosstellenRefView.ifc
* EDMuser:                        sdai-user
* EDMgroup:                       sdai-group
* License ID and type:            5605 : Permanent license. Expiry date: 
* EDMstepFileFactory options:     020000
******************************************************************************************/


------------------------------------------------------------------------------------------------
Operation terminated successfully.
------------------------------------------------------------------------------------------------

